0 info it worked if it ends with ok
1 verbose cli [ '/usr/bin/nodejs', '/usr/bin/npm', 'install', 'pytest' ]
2 info using npm@1.3.10
3 info using node@v0.10.25
4 verbose cache add [ 'pytest', null ]
5 verbose cache add name=undefined spec="pytest" args=["pytest",null]
6 verbose parsed url { protocol: null,
6 verbose parsed url   slashes: null,
6 verbose parsed url   auth: null,
6 verbose parsed url   host: null,
6 verbose parsed url   port: null,
6 verbose parsed url   hostname: null,
6 verbose parsed url   hash: null,
6 verbose parsed url   search: null,
6 verbose parsed url   query: null,
6 verbose parsed url   pathname: 'pytest',
6 verbose parsed url   path: 'pytest',
6 verbose parsed url   href: 'pytest' }
7 silly lockFile 0eaa389e-pytest pytest
8 verbose lock pytest /home/william/.npm/0eaa389e-pytest.lock
9 silly lockFile 0eaa389e-pytest pytest
10 silly lockFile 0eaa389e-pytest pytest
11 verbose addNamed [ 'pytest', '' ]
12 verbose addNamed [ null, '*' ]
13 silly lockFile df77a920-pytest pytest@
14 verbose lock pytest@ /home/william/.npm/df77a920-pytest.lock
15 silly addNameRange { name: 'pytest', range: '*', hasData: false }
16 verbose url raw pytest
17 verbose url resolving [ 'https://registry.npmjs.org/', './pytest' ]
18 verbose url resolved https://registry.npmjs.org/pytest
19 info trying registry request attempt 1 at 13:34:04
20 http GET https://registry.npmjs.org/pytest
21 http 404 https://registry.npmjs.org/pytest
22 silly registry.get cb [ 404,
22 silly registry.get   { server: 'CouchDB/1.5.0 (Erlang OTP/R16B03)',
22 silly registry.get     'content-type': 'application/json',
22 silly registry.get     'cache-control': 'max-age=0',
22 silly registry.get     'content-length': '51',
22 silly registry.get     'accept-ranges': 'bytes',
22 silly registry.get     date: 'Sat, 02 May 2015 17:34:05 GMT',
22 silly registry.get     via: '1.1 varnish',
22 silly registry.get     age: '0',
22 silly registry.get     connection: 'keep-alive',
22 silly registry.get     'x-served-by': 'cache-dfw1822-DFW',
22 silly registry.get     'x-cache': 'MISS',
22 silly registry.get     'x-cache-hits': '0',
22 silly registry.get     'x-timer': 'S1430588044.960689,VS0,VE261' } ]
23 silly lockFile df77a920-pytest pytest@
24 silly lockFile df77a920-pytest pytest@
25 error 404 'pytest' is not in the npm registry.
25 error 404 You should bug the author to publish it
25 error 404
25 error 404 Note that you can also install from a
25 error 404 tarball, folder, or http url, or git url.
26 error System Linux 3.13.0-48-generic
27 error command "/usr/bin/nodejs" "/usr/bin/npm" "install" "pytest"
28 error cwd /home/william/Documents/dev/codeflowcli
29 error node -v v0.10.25
30 error npm -v 1.3.10
31 error code E404
32 verbose exit [ 1, true ]
